<?xml version="1.0" encoding="UTF-8"?>
<!-- Generated by org.testng.reporters.JUnitReportReporter -->
<testsuite hostname="DESKTOP-9DP6SST" failures="0" tests="1" name="com.test.LoginTest" time="38.680" errors="0" timestamp="2023-07-15T10:37:50 IST" skipped="0">
  <testcase classname="com.test.LoginTest" name="test01" time="38.680"/>
  <system-out/>
</testsuite> <!-- com.test.LoginTest -->
